<?xml version="1.0" encoding="UTF-8"?>
<!-- Generated by org.testng.reporters.JUnitXMLReporter -->
<testsuite ignored="0" hostname="Avinash-Kumar" failures="0" tests="5" name="Default test" time="64.73" errors="0" timestamp="2022-07-21T07:29:30 IST">
  <testcase classname="project1.Test1" name="openJqueryui" time="18.452"/>
  <testcase classname="project1.Test1" name="jqueryTabs" time="4.245"/>
  <testcase classname="project1.Test1" name="jqueryDarggable" time="12.747"/>
  <testcase classname="project1.Test1" name="jqueryResizable" time="7.611"/>
  <testcase classname="project1.Test1" name="jquerySelectable" time="6.134"/>
</testsuite> <!-- Default test -->
