<?xml version="1.0" encoding="UTF-8"?>
<!-- Generated by org.testng.reporters.JUnitXMLReporter -->
<testsuite ignored="0" hostname="Avinash-Kumar" failures="0" tests="6" name="back-end" time="0.069" errors="0" timestamp="2022-07-14T01:15:04 IST">
  <testcase classname="topic_AdvAnnotations.TestSecurity" name="test_AccessAdminPage" time="0.003"/>
  <testcase classname="topic_AdvAnnotations.TestSecurity" name="test_AccessCampaignsPage" time="0.014"/>
  <testcase classname="topic_AdvAnnotations.TestSecurity" name="test_AccessHomePage" time="0.003"/>
  <testcase classname="topic_AdvAnnotations.TestDB" name="testDelete" time="0.008"/>
  <testcase classname="topic_AdvAnnotations.TestDB" name="testInsert" time="0.002"/>
  <testcase classname="topic_AdvAnnotations.TestDB" name="testUpdate" time="0.004"/>
</testsuite> <!-- back-end -->
