<?xml version="1.0" encoding="UTF-8"?>
<!-- Generated by org.testng.reporters.JUnitXMLReporter -->
<testsuite ignored="0" hostname="Avinash-Kumar" failures="0" tests="6" name="front-end" time="0.24" errors="0" timestamp="2022-07-14T01:15:03 IST">
  <testcase classname="topic_AdvAnnotations.TestUI" name="test_Admin" time="0.015"/>
  <testcase classname="topic_AdvAnnotations.TestUI" name="test_ContactUs" time="0.007"/>
  <testcase classname="topic_AdvAnnotations.TestUI" name="test_Dashboard" time="0.015"/>
  <testcase classname="topic_AdvAnnotations.TestUI2" name="test_Admin1" time="0.005"/>
  <testcase classname="topic_AdvAnnotations.TestUI2" name="test_ContactUs1" time="0.046"/>
  <testcase classname="topic_AdvAnnotations.TestUI2" name="test_Dashboard1" time="0.012"/>
</testsuite> <!-- front-end -->
