<?xml version="1.0" encoding="UTF-8"?>
<!-- Generated by org.testng.reporters.JUnitXMLReporter -->
<testsuite ignored="0" hostname="Avinash-Kumar" failures="0" tests="6" name="Test" time="33.103" errors="0" timestamp="2022-07-16T02:16:08 IST">
  <testcase classname="browser.Scripts.Test_Chrome" name="verifySeleniumPage" time="19.134"/>
  <testcase classname="topic_TestNG_examples.Test7_Prioritization" name="setup" time="2.187"/>
  <testcase classname="topic_TestNG_examples.Test7_Prioritization" name="gotoURL" time="4.675"/>
  <testcase classname="topic_TestNG_examples.Test7_Prioritization" name="maximize" time="3.222"/>
  <testcase classname="topic_TestNG_examples.Test7_Prioritization" name="verifySeleniumPage" time="3.023"/>
  <testcase classname="topic_TestNG_examples.Test7_Prioritization" name="teardown" time="0.714"/>
</testsuite> <!-- Test -->
