<?xml version="1.0" encoding="UTF-8"?>
<!-- Generated by org.testng.reporters.JUnitXMLReporter -->
<testsuite ignored="0" hostname="Avinash-Kumar" failures="0" tests="1" name="Test3_edge" time="0.07" errors="0" timestamp="2022-07-15T06:06:38 IST">
  <testcase classname="topic_ITest_ContextResult.Testresultcontext2" name="@BeforeTest setup" time="0.009">
    <failure type="java.lang.IllegalStateException" message="The driver executable must exist: C:\msedgedriver.exe">
      <![CDATA[java.lang.IllegalStateException: The driver executable must exist: C:\msedgedriver.exe
at org.openqa.selenium.internal.Require$FileStateChecker.isFile(Require.java:342)
at org.openqa.selenium.remote.service.DriverService.checkExecutable(DriverService.java:147)
at org.openqa.selenium.remote.service.DriverService.findExecutable(DriverService.java:142)
at org.openqa.selenium.edge.EdgeDriverService.access$000(EdgeDriverService.java:40)
at org.openqa.selenium.edge.EdgeDriverService$Builder.findDefaultExecutable(EdgeDriverService.java:176)
at org.openqa.selenium.remote.service.DriverService$Builder.build(DriverService.java:437)
at org.openqa.selenium.edge.EdgeDriver.<init>(EdgeDriver.java:46)
at org.openqa.selenium.edge.EdgeDriver.<init>(EdgeDriver.java:42)
at topic_ITest_ContextResult.Testresultcontext2.setup(Testresultcontext2.java:38)
... Removed 24 stack frames]]>
    </failure>
  </testcase> <!-- @BeforeTest setup -->
  <testcase classname="topic_ITest_ContextResult.Testresultcontext2" name="@AfterMethod teardown" time="-1.657845398715E9">
    <skipped/>
  </testcase> <!-- @AfterMethod teardown -->
  <testcase classname="topic_ITest_ContextResult.Testresultcontext2" name="verifySeleniumpage" time="0.0">
    <skipped/>
  </testcase> <!-- verifySeleniumpage -->
</testsuite> <!-- Test3_edge -->
