<?xml version="1.0" encoding="UTF-8"?>
<!-- Generated by org.testng.reporters.JUnitXMLReporter -->
<testsuite ignored="0" hostname="Avinash-Kumar" failures="4" tests="5" name="Test" time="115.656" errors="0" timestamp="2022-07-08T23:55:07 IST">
  <testcase classname="topic_DataDrivenFW_DataProvider.TestDataDriven_SwagDemo2" name="loginSauceDemo" time="29.696"/>
  <testcase classname="topic_DataDrivenFW_DataProvider.TestDataDriven_SwagDemo2" name="loginSauceDemo" time="20.54">
    <failure type="java.lang.AssertionError" message="expected [https://www.saucedemo.com/inventory.html] but found [https://www.saucedemo.com/]">
      <![CDATA[java.lang.AssertionError: expected [https://www.saucedemo.com/inventory.html] but found [https://www.saucedemo.com/]
at topic_DataDrivenFW_DataProvider.TestDataDriven_SwagDemo2.loginSauceDemo(TestDataDriven_SwagDemo2.java:58)
at java.base/java.util.ArrayList.forEach(ArrayList.java:1511)
... Removed 36 stack frames]]>
    </failure>
  </testcase> <!-- loginSauceDemo -->
  <testcase classname="topic_DataDrivenFW_DataProvider.TestDataDriven_SwagDemo2" name="loginSauceDemo" time="19.601">
    <failure type="java.lang.AssertionError" message="expected [https://www.saucedemo.com/inventory.html] but found [https://www.saucedemo.com/]">
      <![CDATA[java.lang.AssertionError: expected [https://www.saucedemo.com/inventory.html] but found [https://www.saucedemo.com/]
at topic_DataDrivenFW_DataProvider.TestDataDriven_SwagDemo2.loginSauceDemo(TestDataDriven_SwagDemo2.java:58)
at java.base/java.util.ArrayList.forEach(ArrayList.java:1511)
... Removed 36 stack frames]]>
    </failure>
  </testcase> <!-- loginSauceDemo -->
  <testcase classname="topic_DataDrivenFW_DataProvider.TestDataDriven_SwagDemo2" name="loginSauceDemo" time="20.021">
    <failure type="java.lang.AssertionError" message="expected [https://www.saucedemo.com/inventory.html] but found [https://www.saucedemo.com/]">
      <![CDATA[java.lang.AssertionError: expected [https://www.saucedemo.com/inventory.html] but found [https://www.saucedemo.com/]
at topic_DataDrivenFW_DataProvider.TestDataDriven_SwagDemo2.loginSauceDemo(TestDataDriven_SwagDemo2.java:58)
at java.base/java.util.ArrayList.forEach(ArrayList.java:1511)
... Removed 36 stack frames]]>
    </failure>
  </testcase> <!-- loginSauceDemo -->
  <testcase classname="topic_DataDrivenFW_DataProvider.TestDataDriven_SwagDemo2" name="loginSauceDemo" time="19.763">
    <failure type="java.lang.AssertionError" message="expected [https://www.saucedemo.com/inventory.html] but found [https://www.saucedemo.com/]">
      <![CDATA[java.lang.AssertionError: expected [https://www.saucedemo.com/inventory.html] but found [https://www.saucedemo.com/]
at topic_DataDrivenFW_DataProvider.TestDataDriven_SwagDemo2.loginSauceDemo(TestDataDriven_SwagDemo2.java:58)
at java.base/java.util.ArrayList.forEach(ArrayList.java:1511)
... Removed 36 stack frames]]>
    </failure>
  </testcase> <!-- loginSauceDemo -->
</testsuite> <!-- Test -->
