<?xml version="1.0" encoding="UTF-8"?>
<!-- Generated by org.testng.reporters.JUnitXMLReporter -->
<testsuite ignored="0" hostname="Avinash-Kumar" failures="0" tests="3" name="Test" time="49.5" errors="0" timestamp="2022-07-16T02:22:35 IST">
  <testcase classname="browser.Scripts.Test_Chrome" name="verifySeleniumPage" time="12.915"/>
  <testcase classname="browser.Scripts.Test_Edge" name="verifySeleniumPage" time="11.906"/>
  <testcase classname="browser.Scripts.Test_Firefox" name="verifySeleniumPage" time="24.602"/>
</testsuite> <!-- Test -->
