<?xml version="1.0" encoding="UTF-8"?>
<testng-results ignored="0" total="5" passed="5" failed="0" skipped="0">
  <reporter-output>
  </reporter-output>
  <suite started-at="2022-07-21T07:28:25 IST" name="Default suite" finished-at="2022-07-21T07:29:30 IST" duration-ms="64730">
    <groups>
    </groups>
    <test started-at="2022-07-21T07:28:25 IST" name="Default test" finished-at="2022-07-21T07:29:30 IST" duration-ms="64730">
      <class name="project1.Test1">
        <test-method is-config="true" signature="setup()[pri:0, instance:project1.Test1@2ed2d9cb]" started-at="2022-07-21T07:28:25 IST" name="setup" finished-at="2022-07-21T07:28:41 IST" duration-ms="15480" status="PASS">
          <reporter-output>
          </reporter-output>
        </test-method> <!-- setup -->
        <test-method signature="openJqueryui()[pri:1, instance:project1.Test1@2ed2d9cb]" started-at="2022-07-21T07:28:41 IST" name="openJqueryui" finished-at="2022-07-21T07:28:59 IST" duration-ms="18452" status="PASS">
          <reporter-output>
          </reporter-output>
        </test-method> <!-- openJqueryui -->
        <test-method signature="jqueryTabs()[pri:2, instance:project1.Test1@2ed2d9cb]" started-at="2022-07-21T07:28:59 IST" name="jqueryTabs" finished-at="2022-07-21T07:29:04 IST" duration-ms="4245" status="PASS">
          <reporter-output>
          </reporter-output>
        </test-method> <!-- jqueryTabs -->
        <test-method signature="jqueryDarggable()[pri:3, instance:project1.Test1@2ed2d9cb]" started-at="2022-07-21T07:29:04 IST" name="jqueryDarggable" finished-at="2022-07-21T07:29:16 IST" duration-ms="12747" status="PASS">
          <reporter-output>
          </reporter-output>
        </test-method> <!-- jqueryDarggable -->
        <test-method signature="jqueryResizable()[pri:4, instance:project1.Test1@2ed2d9cb]" started-at="2022-07-21T07:29:16 IST" name="jqueryResizable" finished-at="2022-07-21T07:29:24 IST" duration-ms="7611" status="PASS">
          <reporter-output>
          </reporter-output>
        </test-method> <!-- jqueryResizable -->
        <test-method signature="jquerySelectable()[pri:5, instance:project1.Test1@2ed2d9cb]" started-at="2022-07-21T07:29:24 IST" name="jquerySelectable" finished-at="2022-07-21T07:29:30 IST" duration-ms="6134" status="PASS">
          <reporter-output>
          </reporter-output>
        </test-method> <!-- jquerySelectable -->
        <test-method is-config="true" signature="teardown()[pri:0, instance:project1.Test1@2ed2d9cb]" started-at="2022-07-21T07:29:30 IST" name="teardown" finished-at="2022-07-21T07:29:30 IST" duration-ms="0" status="PASS">
          <reporter-output>
          </reporter-output>
        </test-method> <!-- teardown -->
      </class> <!-- project1.Test1 -->
    </test> <!-- Default test -->
  </suite> <!-- Default suite -->
</testng-results>
